2025-04-13 16:28:05.744711 - Received CBT.V508.FILE1036.PDS from FILE1036.XMI 
2025-04-13 16:28:05.745784 - Found $$$#DATE.txt (text/plain) in CBT.V508.FILE1036.PDS, moved to PDS/$$$#DATE
2025-04-13 16:28:05.746160 - Found $PDSLOAD.jcl (text/plain) in CBT.V508.FILE1036.PDS, moved to PDS/$PDSLOAD
2025-04-13 16:28:05.748313 - Found #APPLPGD.pdf (application/pdf) in CBT.V508.FILE1036.PDS, moved to docs/#APPLPGD.pdf
2025-04-13 16:28:05.749967 - Found #INSCUST.pdf (application/pdf) in CBT.V508.FILE1036.PDS, moved to docs/#INSCUST.pdf
2025-04-13 16:28:05.750305 - Found #PDSLOAD.bin (application/octet-stream) in CBT.V508.FILE1036.PDS, moved to PDS/#PDSLOAD
2025-04-13 16:28:05.750358 - Found @FIL1036.txt (text/plain) in CBT.V508.FILE1036.PDS, moved to PDS/@FIL1036
2025-04-13 16:28:05.756354 - Found ASM.txt (text/plain) in CBT.V508.FILE1036.PDS, moved to PDS/ASM
2025-04-13 16:28:05.757913 - Found CNTL.bin (application/octet-stream) in CBT.V508.FILE1036.PDS, moved to PDS/CNTL
2025-04-13 16:28:05.758740 - Found LOADLIB.xmi (application/xmit) in CBT.V508.FILE1036.PDS, moved to PDS/LOADLIB.xmi
2025-04-13 16:28:05.775732 - Received SBGOLOB.SORT360.LOADLIB from LOADLIB.xmi 
2025-04-13 16:28:05.776412 - Found IERAM1.bin (application/octet-stream) in SBGOLOB.SORT360.LOADLIB, moved to LOADLIB/IERAM1
2025-04-13 16:28:05.776741 - Found IERRCB.bin (application/octet-stream) in SBGOLOB.SORT360.LOADLIB, moved to LOADLIB/IERRCB
2025-04-13 16:28:05.777329 - Found IERRCM.bin (application/octet-stream) in SBGOLOB.SORT360.LOADLIB, moved to LOADLIB/IERRCM
2025-04-13 16:28:05.777522 - Found IERRCO00.bin (application/octet-stream) in SBGOLOB.SORT360.LOADLIB, moved to LOADLIB/IERRCO00
2025-04-13 16:28:05.778016 - Found IERRCZ.bin (application/octet-stream) in SBGOLOB.SORT360.LOADLIB, moved to LOADLIB/IERRCZ
2025-04-13 16:28:05.778223 - Found alias SORT to IERRCO00 in SBGOLOB.SORT360.LOADLIB, moved to PDS/SORT
2025-04-13 16:28:05.779284 - Found MACLIB.txt (text/plain) in CBT.V508.FILE1036.PDS, moved to PDS/MACLIB
2025-04-13 16:28:05.780325 - Found SORTLIB.xmi (application/xmit) in CBT.V508.FILE1036.PDS, moved to PDS/SORTLIB.xmi
2025-04-13 16:28:06.035131 - Received SBGOLOB.SORT360.SORTLIB from SORTLIB.xmi 
2025-04-13 16:28:06.039672 - Found IERABA.bin (application/octet-stream) in SBGOLOB.SORT360.SORTLIB, moved to SORTLIB/IERABA
2025-04-13 16:28:06.039838 - Found IERABB.bin (application/octet-stream) in SBGOLOB.SORT360.SORTLIB, moved to SORTLIB/IERABB
2025-04-13 16:28:06.040146 - Found IERABC.bin (application/octet-stream) in SBGOLOB.SORT360.SORTLIB, moved to SORTLIB/IERABC
2025-04-13 16:28:06.040439 - Found IERABE.bin (application/octet-stream) in SBGOLOB.SORT360.SORTLIB, moved to SORTLIB/IERABE
2025-04-13 16:28:06.040718 - Found IERABF.bin (application/octet-stream) in SBGOLOB.SORT360.SORTLIB, moved to SORTLIB/IERABF
2025-04-13 16:28:06.041005 - Found IERABG.bin (application/octet-stream) in SBGOLOB.SORT360.SORTLIB, moved to SORTLIB/IERABG
2025-04-13 16:28:06.041286 - Found IERABH.bin (application/octet-stream) in SBGOLOB.SORT360.SORTLIB, moved to SORTLIB/IERABH
2025-04-13 16:28:06.041564 - Found IERABI.bin (application/octet-stream) in SBGOLOB.SORT360.SORTLIB, moved to SORTLIB/IERABI
2025-04-13 16:28:06.041841 - Found IERABJ.bin (application/octet-stream) in SBGOLOB.SORT360.SORTLIB, moved to SORTLIB/IERABJ
2025-04-13 16:28:06.042136 - Found IERABK.bin (application/octet-stream) in SBGOLOB.SORT360.SORTLIB, moved to SORTLIB/IERABK
2025-04-13 16:28:06.042429 - Found IERABL.bin (application/octet-stream) in SBGOLOB.SORT360.SORTLIB, moved to SORTLIB/IERABL
2025-04-13 16:28:06.042705 - Found IERABM.bin (application/octet-stream) in SBGOLOB.SORT360.SORTLIB, moved to SORTLIB/IERABM
2025-04-13 16:28:06.042979 - Found IERABN.bin (application/octet-stream) in SBGOLOB.SORT360.SORTLIB, moved to SORTLIB/IERABN
2025-04-13 16:28:06.043255 - Found IERABO.bin (application/octet-stream) in SBGOLOB.SORT360.SORTLIB, moved to SORTLIB/IERABO
2025-04-13 16:28:06.043600 - Found IERABP.bin (application/octet-stream) in SBGOLOB.SORT360.SORTLIB, moved to SORTLIB/IERABP
2025-04-13 16:28:06.043795 - Found IERABQ.bin (application/octet-stream) in SBGOLOB.SORT360.SORTLIB, moved to SORTLIB/IERABQ
2025-04-13 16:28:06.043969 - Found IERABR.bin (application/octet-stream) in SBGOLOB.SORT360.SORTLIB, moved to SORTLIB/IERABR
2025-04-13 16:28:06.044164 - Found IERABS.bin (application/octet-stream) in SBGOLOB.SORT360.SORTLIB, moved to SORTLIB/IERABS
2025-04-13 16:28:06.044389 - Found IERABT.bin (application/octet-stream) in SBGOLOB.SORT360.SORTLIB, moved to SORTLIB/IERABT
2025-04-13 16:28:06.044623 - Found IERABU.bin (application/octet-stream) in SBGOLOB.SORT360.SORTLIB, moved to SORTLIB/IERABU
2025-04-13 16:28:06.044924 - Found IERABV.bin (application/octet-stream) in SBGOLOB.SORT360.SORTLIB, moved to SORTLIB/IERABV
2025-04-13 16:28:06.045071 - Found IERABW.bin (application/octet-stream) in SBGOLOB.SORT360.SORTLIB, moved to SORTLIB/IERABW
2025-04-13 16:28:06.045242 - Found IERABX.bin (application/octet-stream) in SBGOLOB.SORT360.SORTLIB, moved to SORTLIB/IERABX
2025-04-13 16:28:06.045414 - Found IERABY.bin (application/octet-stream) in SBGOLOB.SORT360.SORTLIB, moved to SORTLIB/IERABY
2025-04-13 16:28:06.045565 - Found IERABZ.bin (application/octet-stream) in SBGOLOB.SORT360.SORTLIB, moved to SORTLIB/IERABZ
2025-04-13 16:28:06.045779 - Found IERADB.bin (application/octet-stream) in SBGOLOB.SORT360.SORTLIB, moved to SORTLIB/IERADB
2025-04-13 16:28:06.045968 - Found IERADC.bin (application/octet-stream) in SBGOLOB.SORT360.SORTLIB, moved to SORTLIB/IERADC
2025-04-13 16:28:06.046156 - Found IERADD.bin (application/octet-stream) in SBGOLOB.SORT360.SORTLIB, moved to SORTLIB/IERADD
2025-04-13 16:28:06.046327 - Found IERADE.bin (application/octet-stream) in SBGOLOB.SORT360.SORTLIB, moved to SORTLIB/IERADE
2025-04-13 16:28:06.046490 - Found IERADG.bin (application/octet-stream) in SBGOLOB.SORT360.SORTLIB, moved to SORTLIB/IERADG
2025-04-13 16:28:06.046651 - Found IERADH.bin (application/octet-stream) in SBGOLOB.SORT360.SORTLIB, moved to SORTLIB/IERADH
2025-04-13 16:28:06.046812 - Found IERADI.bin (application/octet-stream) in SBGOLOB.SORT360.SORTLIB, moved to SORTLIB/IERADI
2025-04-13 16:28:06.046979 - Found IERADJ.bin (application/octet-stream) in SBGOLOB.SORT360.SORTLIB, moved to SORTLIB/IERADJ
2025-04-13 16:28:06.047136 - Found IERADL.bin (application/octet-stream) in SBGOLOB.SORT360.SORTLIB, moved to SORTLIB/IERADL
2025-04-13 16:28:06.047289 - Found IERADM.bin (application/octet-stream) in SBGOLOB.SORT360.SORTLIB, moved to SORTLIB/IERADM
2025-04-13 16:28:06.047450 - Found IERADP.bin (application/octet-stream) in SBGOLOB.SORT360.SORTLIB, moved to SORTLIB/IERADP
2025-04-13 16:28:06.047608 - Found IERADQ.bin (application/octet-stream) in SBGOLOB.SORT360.SORTLIB, moved to SORTLIB/IERADQ
2025-04-13 16:28:06.047766 - Found IERADR.bin (application/octet-stream) in SBGOLOB.SORT360.SORTLIB, moved to SORTLIB/IERADR
2025-04-13 16:28:06.047910 - Found IERADS.bin (application/octet-stream) in SBGOLOB.SORT360.SORTLIB, moved to SORTLIB/IERADS
2025-04-13 16:28:06.048062 - Found IERADT.bin (application/octet-stream) in SBGOLOB.SORT360.SORTLIB, moved to SORTLIB/IERADT
2025-04-13 16:28:06.048217 - Found IERADX.bin (application/octet-stream) in SBGOLOB.SORT360.SORTLIB, moved to SORTLIB/IERADX
2025-04-13 16:28:06.048374 - Found IERAGA.bin (application/octet-stream) in SBGOLOB.SORT360.SORTLIB, moved to SORTLIB/IERAGA
2025-04-13 16:28:06.048528 - Found IERAGB.bin (application/octet-stream) in SBGOLOB.SORT360.SORTLIB, moved to SORTLIB/IERAGB
2025-04-13 16:28:06.048701 - Found IERAGC.bin (application/octet-stream) in SBGOLOB.SORT360.SORTLIB, moved to SORTLIB/IERAGC
2025-04-13 16:28:06.048876 - Found IERAGD.bin (application/octet-stream) in SBGOLOB.SORT360.SORTLIB, moved to SORTLIB/IERAGD
2025-04-13 16:28:06.049017 - Found IERAGE.bin (application/octet-stream) in SBGOLOB.SORT360.SORTLIB, moved to SORTLIB/IERAGE
2025-04-13 16:28:06.049176 - Found IERAGF.bin (application/octet-stream) in SBGOLOB.SORT360.SORTLIB, moved to SORTLIB/IERAGF
2025-04-13 16:28:06.049336 - Found IERAGG.bin (application/octet-stream) in SBGOLOB.SORT360.SORTLIB, moved to SORTLIB/IERAGG
2025-04-13 16:28:06.049496 - Found IERAGH.bin (application/octet-stream) in SBGOLOB.SORT360.SORTLIB, moved to SORTLIB/IERAGH
2025-04-13 16:28:06.049641 - Found IERAGI.bin (application/octet-stream) in SBGOLOB.SORT360.SORTLIB, moved to SORTLIB/IERAGI
2025-04-13 16:28:06.049796 - Found IERAGJ.bin (application/octet-stream) in SBGOLOB.SORT360.SORTLIB, moved to SORTLIB/IERAGJ
2025-04-13 16:28:06.049961 - Found IERAGK.bin (application/octet-stream) in SBGOLOB.SORT360.SORTLIB, moved to SORTLIB/IERAGK
2025-04-13 16:28:06.050137 - Found IERAGL.bin (application/octet-stream) in SBGOLOB.SORT360.SORTLIB, moved to SORTLIB/IERAGL
2025-04-13 16:28:06.050282 - Found IERAGM.bin (application/octet-stream) in SBGOLOB.SORT360.SORTLIB, moved to SORTLIB/IERAGM
2025-04-13 16:28:06.050501 - Found IERAGN.bin (application/octet-stream) in SBGOLOB.SORT360.SORTLIB, moved to SORTLIB/IERAGN
2025-04-13 16:28:06.050658 - Found IERAMA.bin (application/octet-stream) in SBGOLOB.SORT360.SORTLIB, moved to SORTLIB/IERAMA
2025-04-13 16:28:06.050803 - Found IERAMB.bin (application/octet-stream) in SBGOLOB.SORT360.SORTLIB, moved to SORTLIB/IERAMB
2025-04-13 16:28:06.050971 - Found IERAMC.bin (application/octet-stream) in SBGOLOB.SORT360.SORTLIB, moved to SORTLIB/IERAMC
2025-04-13 16:28:06.051129 - Found IERAOA.bin (application/octet-stream) in SBGOLOB.SORT360.SORTLIB, moved to SORTLIB/IERAOA
2025-04-13 16:28:06.051281 - Found IERAOB.bin (application/octet-stream) in SBGOLOB.SORT360.SORTLIB, moved to SORTLIB/IERAOB
2025-04-13 16:28:06.051425 - Found IERAOC.bin (application/octet-stream) in SBGOLOB.SORT360.SORTLIB, moved to SORTLIB/IERAOC
2025-04-13 16:28:06.051592 - Found IERAOD.bin (application/octet-stream) in SBGOLOB.SORT360.SORTLIB, moved to SORTLIB/IERAOD
2025-04-13 16:28:06.051752 - Found IERAOE.bin (application/octet-stream) in SBGOLOB.SORT360.SORTLIB, moved to SORTLIB/IERAOE
2025-04-13 16:28:06.051900 - Found IERAOF.bin (application/octet-stream) in SBGOLOB.SORT360.SORTLIB, moved to SORTLIB/IERAOF
2025-04-13 16:28:06.052057 - Found IERAOG.bin (application/octet-stream) in SBGOLOB.SORT360.SORTLIB, moved to SORTLIB/IERAOG
2025-04-13 16:28:06.052224 - Found IERAOH.bin (application/octet-stream) in SBGOLOB.SORT360.SORTLIB, moved to SORTLIB/IERAOH
2025-04-13 16:28:06.052389 - Found IERAOI.bin (application/octet-stream) in SBGOLOB.SORT360.SORTLIB, moved to SORTLIB/IERAOI
2025-04-13 16:28:06.052541 - Found IERAOJ.bin (application/octet-stream) in SBGOLOB.SORT360.SORTLIB, moved to SORTLIB/IERAOJ
2025-04-13 16:28:06.052704 - Found IERAOK.bin (application/octet-stream) in SBGOLOB.SORT360.SORTLIB, moved to SORTLIB/IERAOK
2025-04-13 16:28:06.052857 - Found IERAON.bin (application/octet-stream) in SBGOLOB.SORT360.SORTLIB, moved to SORTLIB/IERAON
2025-04-13 16:28:06.053007 - Found IERAOP.bin (application/octet-stream) in SBGOLOB.SORT360.SORTLIB, moved to SORTLIB/IERAOP
2025-04-13 16:28:06.053161 - Found IERAOQ.bin (application/octet-stream) in SBGOLOB.SORT360.SORTLIB, moved to SORTLIB/IERAOQ
2025-04-13 16:28:06.053318 - Found IERAOR.bin (application/octet-stream) in SBGOLOB.SORT360.SORTLIB, moved to SORTLIB/IERAOR
2025-04-13 16:28:06.053467 - Found IERAOS.bin (application/octet-stream) in SBGOLOB.SORT360.SORTLIB, moved to SORTLIB/IERAOS
2025-04-13 16:28:06.053615 - Found IERAOT.bin (application/octet-stream) in SBGOLOB.SORT360.SORTLIB, moved to SORTLIB/IERAOT
2025-04-13 16:28:06.053781 - Found IERAOU.bin (application/octet-stream) in SBGOLOB.SORT360.SORTLIB, moved to SORTLIB/IERAOU
2025-04-13 16:28:06.053985 - Found IERAOV.bin (application/octet-stream) in SBGOLOB.SORT360.SORTLIB, moved to SORTLIB/IERAOV
2025-04-13 16:28:06.054167 - Found IERAOW.bin (application/octet-stream) in SBGOLOB.SORT360.SORTLIB, moved to SORTLIB/IERAOW
2025-04-13 16:28:06.054451 - Found IERAOX.bin (application/octet-stream) in SBGOLOB.SORT360.SORTLIB, moved to SORTLIB/IERAOX
2025-04-13 16:28:06.054748 - Found IERAOY.bin (application/octet-stream) in SBGOLOB.SORT360.SORTLIB, moved to SORTLIB/IERAOY
2025-04-13 16:28:06.055031 - Found IERAOZ.bin (application/octet-stream) in SBGOLOB.SORT360.SORTLIB, moved to SORTLIB/IERAOZ
2025-04-13 16:28:06.055322 - Found IERAO2.bin (application/octet-stream) in SBGOLOB.SORT360.SORTLIB, moved to SORTLIB/IERAO2
2025-04-13 16:28:06.055604 - Found IERAPA.bin (application/octet-stream) in SBGOLOB.SORT360.SORTLIB, moved to SORTLIB/IERAPA
2025-04-13 16:28:06.055898 - Found IERAPB.bin (application/octet-stream) in SBGOLOB.SORT360.SORTLIB, moved to SORTLIB/IERAPB
2025-04-13 16:28:06.056185 - Found IERAPC.bin (application/octet-stream) in SBGOLOB.SORT360.SORTLIB, moved to SORTLIB/IERAPC
2025-04-13 16:28:06.056356 - Found IERAPD.bin (application/octet-stream) in SBGOLOB.SORT360.SORTLIB, moved to SORTLIB/IERAPD
2025-04-13 16:28:06.056648 - Found IERAPE.bin (application/octet-stream) in SBGOLOB.SORT360.SORTLIB, moved to SORTLIB/IERAPE
2025-04-13 16:28:06.056843 - Found IERAPF.bin (application/octet-stream) in SBGOLOB.SORT360.SORTLIB, moved to SORTLIB/IERAPF
2025-04-13 16:28:06.057016 - Found IERAPG.bin (application/octet-stream) in SBGOLOB.SORT360.SORTLIB, moved to SORTLIB/IERAPG
2025-04-13 16:28:06.057303 - Found IERAPH.bin (application/octet-stream) in SBGOLOB.SORT360.SORTLIB, moved to SORTLIB/IERAPH
2025-04-13 16:28:06.057628 - Found IERAPI.bin (application/octet-stream) in SBGOLOB.SORT360.SORTLIB, moved to SORTLIB/IERAPI
2025-04-13 16:28:06.057942 - Found IERAPJ.bin (application/octet-stream) in SBGOLOB.SORT360.SORTLIB, moved to SORTLIB/IERAPJ
2025-04-13 16:28:06.058277 - Found IERAPK.bin (application/octet-stream) in SBGOLOB.SORT360.SORTLIB, moved to SORTLIB/IERAPK
2025-04-13 16:28:06.058772 - Found IERAPL.bin (application/octet-stream) in SBGOLOB.SORT360.SORTLIB, moved to SORTLIB/IERAPL
2025-04-13 16:28:06.059168 - Found IERAP1.bin (application/octet-stream) in SBGOLOB.SORT360.SORTLIB, moved to SORTLIB/IERAP1
2025-04-13 16:28:06.059530 - Found IERAP2.bin (application/octet-stream) in SBGOLOB.SORT360.SORTLIB, moved to SORTLIB/IERAP2
2025-04-13 16:28:06.059707 - Found IERAP3.bin (application/octet-stream) in SBGOLOB.SORT360.SORTLIB, moved to SORTLIB/IERAP3
2025-04-13 16:28:06.059884 - Found IERCHK.bin (application/octet-stream) in SBGOLOB.SORT360.SORTLIB, moved to SORTLIB/IERCHK
2025-04-13 16:28:06.060048 - Found IERDM4.bin (application/octet-stream) in SBGOLOB.SORT360.SORTLIB, moved to SORTLIB/IERDM4
2025-04-13 16:28:06.060210 - Found IERDTE.bin (application/octet-stream) in SBGOLOB.SORT360.SORTLIB, moved to SORTLIB/IERDTE
2025-04-13 16:28:06.060377 - Found IEREX1.bin (application/octet-stream) in SBGOLOB.SORT360.SORTLIB, moved to SORTLIB/IEREX1
2025-04-13 16:28:06.060576 - Found IEREX2.bin (application/octet-stream) in SBGOLOB.SORT360.SORTLIB, moved to SORTLIB/IEREX2
2025-04-13 16:28:06.060739 - Found IEREX3.bin (application/octet-stream) in SBGOLOB.SORT360.SORTLIB, moved to SORTLIB/IEREX3
2025-04-13 16:28:06.060904 - Found IERRBA.bin (application/octet-stream) in SBGOLOB.SORT360.SORTLIB, moved to SORTLIB/IERRBA
2025-04-13 16:28:06.061083 - Found IERRBB.bin (application/octet-stream) in SBGOLOB.SORT360.SORTLIB, moved to SORTLIB/IERRBB
2025-04-13 16:28:06.061239 - Found IERRBC.bin (application/octet-stream) in SBGOLOB.SORT360.SORTLIB, moved to SORTLIB/IERRBC
2025-04-13 16:28:06.061395 - Found IERRBE.bin (application/octet-stream) in SBGOLOB.SORT360.SORTLIB, moved to SORTLIB/IERRBE
2025-04-13 16:28:06.061579 - Found IERRBF.bin (application/octet-stream) in SBGOLOB.SORT360.SORTLIB, moved to SORTLIB/IERRBF
2025-04-13 16:28:06.061774 - Found IERRBG.bin (application/octet-stream) in SBGOLOB.SORT360.SORTLIB, moved to SORTLIB/IERRBG
2025-04-13 16:28:06.061946 - Found IERRBH.bin (application/octet-stream) in SBGOLOB.SORT360.SORTLIB, moved to SORTLIB/IERRBH
2025-04-13 16:28:06.062172 - Found IERRBI.bin (application/octet-stream) in SBGOLOB.SORT360.SORTLIB, moved to SORTLIB/IERRBI
2025-04-13 16:28:06.062358 - Found IERRBJ.bin (application/octet-stream) in SBGOLOB.SORT360.SORTLIB, moved to SORTLIB/IERRBJ
2025-04-13 16:28:06.062518 - Found IERRBK.bin (application/octet-stream) in SBGOLOB.SORT360.SORTLIB, moved to SORTLIB/IERRBK
2025-04-13 16:28:06.062729 - Found IERRBL.bin (application/octet-stream) in SBGOLOB.SORT360.SORTLIB, moved to SORTLIB/IERRBL
2025-04-13 16:28:06.062940 - Found IERRBM.bin (application/octet-stream) in SBGOLOB.SORT360.SORTLIB, moved to SORTLIB/IERRBM
2025-04-13 16:28:06.063137 - Found IERRBN.bin (application/octet-stream) in SBGOLOB.SORT360.SORTLIB, moved to SORTLIB/IERRBN
2025-04-13 16:28:06.063325 - Found IERRBO.bin (application/octet-stream) in SBGOLOB.SORT360.SORTLIB, moved to SORTLIB/IERRBO
2025-04-13 16:28:06.063496 - Found IERRBP.bin (application/octet-stream) in SBGOLOB.SORT360.SORTLIB, moved to SORTLIB/IERRBP
2025-04-13 16:28:06.063685 - Found IERRBT.bin (application/octet-stream) in SBGOLOB.SORT360.SORTLIB, moved to SORTLIB/IERRBT
2025-04-13 16:28:06.063914 - Found IERRBU.bin (application/octet-stream) in SBGOLOB.SORT360.SORTLIB, moved to SORTLIB/IERRBU
2025-04-13 16:28:06.064081 - Found IERRBV.bin (application/octet-stream) in SBGOLOB.SORT360.SORTLIB, moved to SORTLIB/IERRBV
2025-04-13 16:28:06.064228 - Found IERRBW.bin (application/octet-stream) in SBGOLOB.SORT360.SORTLIB, moved to SORTLIB/IERRBW
2025-04-13 16:28:06.064400 - Found IERRBX.bin (application/octet-stream) in SBGOLOB.SORT360.SORTLIB, moved to SORTLIB/IERRBX
2025-04-13 16:28:06.064573 - Found IERRBY.bin (application/octet-stream) in SBGOLOB.SORT360.SORTLIB, moved to SORTLIB/IERRBY
2025-04-13 16:28:06.064738 - Found IERRBZ.bin (application/octet-stream) in SBGOLOB.SORT360.SORTLIB, moved to SORTLIB/IERRBZ
2025-04-13 16:28:06.064927 - Found IERRCT.bin (application/octet-stream) in SBGOLOB.SORT360.SORTLIB, moved to SORTLIB/IERRCT
2025-04-13 16:28:06.065153 - Found IERRCV.bin (application/octet-stream) in SBGOLOB.SORT360.SORTLIB, moved to SORTLIB/IERRCV
2025-04-13 16:28:06.065335 - Found IERRC6.bin (application/octet-stream) in SBGOLOB.SORT360.SORTLIB, moved to SORTLIB/IERRC6
2025-04-13 16:28:06.065527 - Found IERRC7.bin (application/octet-stream) in SBGOLOB.SORT360.SORTLIB, moved to SORTLIB/IERRC7
2025-04-13 16:28:06.065836 - Found IERRC8.bin (application/octet-stream) in SBGOLOB.SORT360.SORTLIB, moved to SORTLIB/IERRC8
2025-04-13 16:28:06.066154 - Found IERRC9.bin (application/octet-stream) in SBGOLOB.SORT360.SORTLIB, moved to SORTLIB/IERRC9
2025-04-13 16:28:06.066452 - Found IERRDB.bin (application/octet-stream) in SBGOLOB.SORT360.SORTLIB, moved to SORTLIB/IERRDB
2025-04-13 16:28:06.066751 - Found IERRDC.bin (application/octet-stream) in SBGOLOB.SORT360.SORTLIB, moved to SORTLIB/IERRDC
2025-04-13 16:28:06.067041 - Found IERRDD.bin (application/octet-stream) in SBGOLOB.SORT360.SORTLIB, moved to SORTLIB/IERRDD
2025-04-13 16:28:06.067329 - Found IERRDE.bin (application/octet-stream) in SBGOLOB.SORT360.SORTLIB, moved to SORTLIB/IERRDE
2025-04-13 16:28:06.067615 - Found IERRDG.bin (application/octet-stream) in SBGOLOB.SORT360.SORTLIB, moved to SORTLIB/IERRDG
2025-04-13 16:28:06.067782 - Found IERRDH.bin (application/octet-stream) in SBGOLOB.SORT360.SORTLIB, moved to SORTLIB/IERRDH
2025-04-13 16:28:06.068104 - Found IERRDI.bin (application/octet-stream) in SBGOLOB.SORT360.SORTLIB, moved to SORTLIB/IERRDI
2025-04-13 16:28:06.068409 - Found IERRDJ.bin (application/octet-stream) in SBGOLOB.SORT360.SORTLIB, moved to SORTLIB/IERRDJ
2025-04-13 16:28:06.068716 - Found IERRDL.bin (application/octet-stream) in SBGOLOB.SORT360.SORTLIB, moved to SORTLIB/IERRDL
2025-04-13 16:28:06.069025 - Found IERRDP.bin (application/octet-stream) in SBGOLOB.SORT360.SORTLIB, moved to SORTLIB/IERRDP
2025-04-13 16:28:06.069333 - Found IERRDQ.bin (application/octet-stream) in SBGOLOB.SORT360.SORTLIB, moved to SORTLIB/IERRDQ
2025-04-13 16:28:06.069632 - Found IERRDR.bin (application/octet-stream) in SBGOLOB.SORT360.SORTLIB, moved to SORTLIB/IERRDR
2025-04-13 16:28:06.069920 - Found IERRDS.bin (application/octet-stream) in SBGOLOB.SORT360.SORTLIB, moved to SORTLIB/IERRDS
2025-04-13 16:28:06.070212 - Found IERRDT.bin (application/octet-stream) in SBGOLOB.SORT360.SORTLIB, moved to SORTLIB/IERRDT
2025-04-13 16:28:06.070516 - Found IERRDX.bin (application/octet-stream) in SBGOLOB.SORT360.SORTLIB, moved to SORTLIB/IERRDX
2025-04-13 16:28:06.070815 - Found IERRGA.bin (application/octet-stream) in SBGOLOB.SORT360.SORTLIB, moved to SORTLIB/IERRGA
2025-04-13 16:28:06.071103 - Found IERRGB.bin (application/octet-stream) in SBGOLOB.SORT360.SORTLIB, moved to SORTLIB/IERRGB
2025-04-13 16:28:06.071411 - Found IERRGC.bin (application/octet-stream) in SBGOLOB.SORT360.SORTLIB, moved to SORTLIB/IERRGC
2025-04-13 16:28:06.071731 - Found IERRGD.bin (application/octet-stream) in SBGOLOB.SORT360.SORTLIB, moved to SORTLIB/IERRGD
2025-04-13 16:28:06.072035 - Found IERRGE.bin (application/octet-stream) in SBGOLOB.SORT360.SORTLIB, moved to SORTLIB/IERRGE
2025-04-13 16:28:06.072339 - Found IERRGF.bin (application/octet-stream) in SBGOLOB.SORT360.SORTLIB, moved to SORTLIB/IERRGF
2025-04-13 16:28:06.072528 - Found IERRGL.bin (application/octet-stream) in SBGOLOB.SORT360.SORTLIB, moved to SORTLIB/IERRGL
2025-04-13 16:28:06.072684 - Found IERRGM.bin (application/octet-stream) in SBGOLOB.SORT360.SORTLIB, moved to SORTLIB/IERRGM
2025-04-13 16:28:06.072990 - Found IERRMA.bin (application/octet-stream) in SBGOLOB.SORT360.SORTLIB, moved to SORTLIB/IERRMA
2025-04-13 16:28:06.073281 - Found IERRMB.bin (application/octet-stream) in SBGOLOB.SORT360.SORTLIB, moved to SORTLIB/IERRMB
2025-04-13 16:28:06.073579 - Found IERRMC.bin (application/octet-stream) in SBGOLOB.SORT360.SORTLIB, moved to SORTLIB/IERRMC
2025-04-13 16:28:06.073864 - Found IERROA.bin (application/octet-stream) in SBGOLOB.SORT360.SORTLIB, moved to SORTLIB/IERROA
2025-04-13 16:28:06.074177 - Found IERROB.bin (application/octet-stream) in SBGOLOB.SORT360.SORTLIB, moved to SORTLIB/IERROB
2025-04-13 16:28:06.074509 - Found IERROC.bin (application/octet-stream) in SBGOLOB.SORT360.SORTLIB, moved to SORTLIB/IERROC
2025-04-13 16:28:06.074824 - Found IERROD.bin (application/octet-stream) in SBGOLOB.SORT360.SORTLIB, moved to SORTLIB/IERROD
2025-04-13 16:28:06.075146 - Found IERROE.bin (application/octet-stream) in SBGOLOB.SORT360.SORTLIB, moved to SORTLIB/IERROE
2025-04-13 16:28:06.075457 - Found IERROF.bin (application/octet-stream) in SBGOLOB.SORT360.SORTLIB, moved to SORTLIB/IERROF
2025-04-13 16:28:06.075773 - Found IERROG.bin (application/octet-stream) in SBGOLOB.SORT360.SORTLIB, moved to SORTLIB/IERROG
2025-04-13 16:28:06.076085 - Found IERROH.bin (application/octet-stream) in SBGOLOB.SORT360.SORTLIB, moved to SORTLIB/IERROH
2025-04-13 16:28:06.076391 - Found IERROI.bin (application/octet-stream) in SBGOLOB.SORT360.SORTLIB, moved to SORTLIB/IERROI
2025-04-13 16:28:06.076694 - Found IERROJ.bin (application/octet-stream) in SBGOLOB.SORT360.SORTLIB, moved to SORTLIB/IERROJ
2025-04-13 16:28:06.076994 - Found IERROK.bin (application/octet-stream) in SBGOLOB.SORT360.SORTLIB, moved to SORTLIB/IERROK
2025-04-13 16:28:06.077166 - Found IERRON.bin (application/octet-stream) in SBGOLOB.SORT360.SORTLIB, moved to SORTLIB/IERRON
2025-04-13 16:28:06.077468 - Found IERROP.bin (application/octet-stream) in SBGOLOB.SORT360.SORTLIB, moved to SORTLIB/IERROP
2025-04-13 16:28:06.077788 - Found IERROQ.bin (application/octet-stream) in SBGOLOB.SORT360.SORTLIB, moved to SORTLIB/IERROQ
2025-04-13 16:28:06.078102 - Found IERROR.bin (application/octet-stream) in SBGOLOB.SORT360.SORTLIB, moved to SORTLIB/IERROR
2025-04-13 16:28:06.078433 - Found IERROS.bin (application/octet-stream) in SBGOLOB.SORT360.SORTLIB, moved to SORTLIB/IERROS
2025-04-13 16:28:06.078606 - Found IERROT.bin (application/octet-stream) in SBGOLOB.SORT360.SORTLIB, moved to SORTLIB/IERROT
2025-04-13 16:28:06.078777 - Found IERROU.bin (application/octet-stream) in SBGOLOB.SORT360.SORTLIB, moved to SORTLIB/IERROU
2025-04-13 16:28:06.079084 - Found IERROV.bin (application/octet-stream) in SBGOLOB.SORT360.SORTLIB, moved to SORTLIB/IERROV
2025-04-13 16:28:06.079383 - Found IERROW.bin (application/octet-stream) in SBGOLOB.SORT360.SORTLIB, moved to SORTLIB/IERROW
2025-04-13 16:28:06.079687 - Found IERROX.bin (application/octet-stream) in SBGOLOB.SORT360.SORTLIB, moved to SORTLIB/IERROX
2025-04-13 16:28:06.079989 - Found IERROY.bin (application/octet-stream) in SBGOLOB.SORT360.SORTLIB, moved to SORTLIB/IERROY
2025-04-13 16:28:06.080290 - Found IERROZ.bin (application/octet-stream) in SBGOLOB.SORT360.SORTLIB, moved to SORTLIB/IERROZ
2025-04-13 16:28:06.080591 - Found IERRPA.bin (application/octet-stream) in SBGOLOB.SORT360.SORTLIB, moved to SORTLIB/IERRPA
2025-04-13 16:28:06.080895 - Found IERRPB.bin (application/octet-stream) in SBGOLOB.SORT360.SORTLIB, moved to SORTLIB/IERRPB
2025-04-13 16:28:06.081195 - Found IERRPC.bin (application/octet-stream) in SBGOLOB.SORT360.SORTLIB, moved to SORTLIB/IERRPC
2025-04-13 16:28:06.081496 - Found IERRPD.bin (application/octet-stream) in SBGOLOB.SORT360.SORTLIB, moved to SORTLIB/IERRPD
2025-04-13 16:28:06.081793 - Found IERRPE.bin (application/octet-stream) in SBGOLOB.SORT360.SORTLIB, moved to SORTLIB/IERRPE
2025-04-13 16:28:06.082099 - Found IERRPF.bin (application/octet-stream) in SBGOLOB.SORT360.SORTLIB, moved to SORTLIB/IERRPF
2025-04-13 16:28:06.082412 - Found IERRPG.bin (application/octet-stream) in SBGOLOB.SORT360.SORTLIB, moved to SORTLIB/IERRPG
2025-04-13 16:28:06.082714 - Found IERRPM.bin (application/octet-stream) in SBGOLOB.SORT360.SORTLIB, moved to SORTLIB/IERRPM
2025-04-13 16:28:06.083028 - Found IER8BN.bin (application/octet-stream) in SBGOLOB.SORT360.SORTLIB, moved to SORTLIB/IER8BN
2025-04-13 16:28:06.083340 - Found IER8BO.bin (application/octet-stream) in SBGOLOB.SORT360.SORTLIB, moved to SORTLIB/IER8BO
2025-04-13 16:28:06.083651 - Found IER8DJ.bin (application/octet-stream) in SBGOLOB.SORT360.SORTLIB, moved to SORTLIB/IER8DJ
2025-04-13 16:28:06.083978 - Found IER8GB.bin (application/octet-stream) in SBGOLOB.SORT360.SORTLIB, moved to SORTLIB/IER8GB
2025-04-13 16:28:06.084309 - Found IER8GC.bin (application/octet-stream) in SBGOLOB.SORT360.SORTLIB, moved to SORTLIB/IER8GC
2025-04-13 16:28:06.084663 - Found IER8ON.bin (application/octet-stream) in SBGOLOB.SORT360.SORTLIB, moved to SORTLIB/IER8ON
2025-04-13 16:28:06.084840 - Found IER8PA.bin (application/octet-stream) in SBGOLOB.SORT360.SORTLIB, moved to SORTLIB/IER8PA
2025-04-13 16:28:06.085057 - Found IER8PM.bin (application/octet-stream) in SBGOLOB.SORT360.SORTLIB, moved to SORTLIB/IER8PM
2025-04-13 16:28:06.085236 - Found IER9BN.bin (application/octet-stream) in SBGOLOB.SORT360.SORTLIB, moved to SORTLIB/IER9BN
2025-04-13 16:28:06.085412 - Found IER9BO.bin (application/octet-stream) in SBGOLOB.SORT360.SORTLIB, moved to SORTLIB/IER9BO
2025-04-13 16:28:06.085591 - Found IER9DJ.bin (application/octet-stream) in SBGOLOB.SORT360.SORTLIB, moved to SORTLIB/IER9DJ
2025-04-13 16:28:06.085812 - Found IER9GB.bin (application/octet-stream) in SBGOLOB.SORT360.SORTLIB, moved to SORTLIB/IER9GB
2025-04-13 16:28:06.085995 - Found IER9GC.bin (application/octet-stream) in SBGOLOB.SORT360.SORTLIB, moved to SORTLIB/IER9GC
2025-04-13 16:28:06.086158 - Found IER9GN.bin (application/octet-stream) in SBGOLOB.SORT360.SORTLIB, moved to SORTLIB/IER9GN
2025-04-13 16:28:06.086328 - Found IER9ON.bin (application/octet-stream) in SBGOLOB.SORT360.SORTLIB, moved to SORTLIB/IER9ON
2025-04-13 16:28:06.086496 - Found IER9PA.bin (application/octet-stream) in SBGOLOB.SORT360.SORTLIB, moved to SORTLIB/IER9PA
